09.04.2023 - 21:09:41 - [TAB v3.3.0] Player placeholder %animation:time% generated an error when setting for player QuackAsk
09.04.2023 - 21:09:41 - java.lang.ArrayIndexOutOfBoundsException: Index -2 out of bounds for length 8
09.04.2023 - 21:09:41 - 	at TAB v3.3.0.jar//me.neznamy.tab.shared.placeholders.Animation.getMessage(Animation.java:86)
09.04.2023 - 21:09:41 - 	at TAB v3.3.0.jar//me.neznamy.tab.shared.placeholders.UniversalPlaceholderRegistry.lambda$registerPlaceholders$21(UniversalPlaceholderRegistry.java:64)
09.04.2023 - 21:09:41 - 	at TAB v3.3.0.jar//me.neznamy.tab.shared.placeholders.PlayerPlaceholderImpl.request(PlayerPlaceholderImpl.java:130)
09.04.2023 - 21:09:41 - 	at TAB v3.3.0.jar//me.neznamy.tab.shared.placeholders.PlayerPlaceholderImpl.updateFromNested(PlayerPlaceholderImpl.java:114)
09.04.2023 - 21:09:41 - 	at TAB v3.3.0.jar//me.neznamy.tab.shared.placeholders.TabPlaceholder.lambda$updateParents$1(TabPlaceholder.java:171)
09.04.2023 - 21:09:41 - 	at java.base/java.util.stream.ForEachOps$ForEachOp$OfRef.accept(ForEachOps.java:183)
09.04.2023 - 21:09:41 - 	at java.base/java.util.stream.ReferencePipeline$3$1.accept(ReferencePipeline.java:197)
09.04.2023 - 21:09:41 - 	at java.base/java.util.ArrayList$ArrayListSpliterator.forEachRemaining(ArrayList.java:1625)
09.04.2023 - 21:09:41 - 	at java.base/java.util.stream.AbstractPipeline.copyInto(AbstractPipeline.java:509)
09.04.2023 - 21:09:41 - 	at java.base/java.util.stream.AbstractPipeline.wrapAndCopyInto(AbstractPipeline.java:499)
09.04.2023 - 21:09:41 - 	at java.base/java.util.stream.ForEachOps$ForEachOp.evaluateSequential(ForEachOps.java:150)
09.04.2023 - 21:09:41 - 	at java.base/java.util.stream.ForEachOps$ForEachOp$OfRef.evaluateSequential(ForEachOps.java:173)
09.04.2023 - 21:09:41 - 	at java.base/java.util.stream.AbstractPipeline.evaluate(AbstractPipeline.java:234)
09.04.2023 - 21:09:41 - 	at java.base/java.util.stream.ReferencePipeline.forEach(ReferencePipeline.java:596)
09.04.2023 - 21:09:41 - 	at TAB v3.3.0.jar//me.neznamy.tab.shared.placeholders.TabPlaceholder.updateParents(TabPlaceholder.java:171)
09.04.2023 - 21:09:41 - 	at TAB v3.3.0.jar//me.neznamy.tab.shared.placeholders.PlayerPlaceholderImpl.update(PlayerPlaceholderImpl.java:64)
09.04.2023 - 21:09:41 - 	at TAB v3.3.0.jar//me.neznamy.tab.shared.features.PlaceholderManagerImpl.onJoin(PlaceholderManagerImpl.java:281)
09.04.2023 - 21:09:41 - 	at TAB v3.3.0.jar//me.neznamy.tab.shared.FeatureManagerImpl.onJoin(FeatureManagerImpl.java:126)
09.04.2023 - 21:09:41 - 	at TAB v3.3.0.jar//me.neznamy.tab.platforms.bukkit.BukkitEventListener.lambda$onJoin$1(BukkitEventListener.java:44)
09.04.2023 - 21:09:41 - 	at TAB v3.3.0.jar//me.neznamy.tab.shared.CpuManager.lambda$submit$1(CpuManager.java:111)
09.04.2023 - 21:09:41 - 	at java.base/java.util.concurrent.Executors$RunnableAdapter.call(Executors.java:539)
09.04.2023 - 21:09:41 - 	at java.base/java.util.concurrent.FutureTask.run(FutureTask.java:264)
09.04.2023 - 21:09:41 - 	at java.base/java.util.concurrent.ThreadPoolExecutor.runWorker(ThreadPoolExecutor.java:1136)
09.04.2023 - 21:09:41 - 	at java.base/java.util.concurrent.ThreadPoolExecutor$Worker.run(ThreadPoolExecutor.java:635)
09.04.2023 - 21:09:41 - 	at java.base/java.lang.Thread.run(Thread.java:833)
09.04.2023 - 21:09:41 - [TAB v3.3.0] Player placeholder %animation:headerFooterAni% generated an error when setting for player QuackAsk
09.04.2023 - 21:09:41 - java.lang.ArrayIndexOutOfBoundsException: Index -2 out of bounds for length 18
09.04.2023 - 21:09:41 - 	at TAB v3.3.0.jar//me.neznamy.tab.shared.placeholders.Animation.getMessage(Animation.java:86)
09.04.2023 - 21:09:41 - 	at TAB v3.3.0.jar//me.neznamy.tab.shared.placeholders.UniversalPlaceholderRegistry.lambda$registerPlaceholders$21(UniversalPlaceholderRegistry.java:64)
09.04.2023 - 21:09:41 - 	at TAB v3.3.0.jar//me.neznamy.tab.shared.placeholders.PlayerPlaceholderImpl.request(PlayerPlaceholderImpl.java:130)
09.04.2023 - 21:09:41 - 	at TAB v3.3.0.jar//me.neznamy.tab.shared.placeholders.PlayerPlaceholderImpl.update(PlayerPlaceholderImpl.java:53)
09.04.2023 - 21:09:41 - 	at TAB v3.3.0.jar//me.neznamy.tab.shared.features.PlaceholderManagerImpl.onJoin(PlaceholderManagerImpl.java:281)
09.04.2023 - 21:09:41 - 	at TAB v3.3.0.jar//me.neznamy.tab.shared.FeatureManagerImpl.onJoin(FeatureManagerImpl.java:126)
09.04.2023 - 21:09:41 - 	at TAB v3.3.0.jar//me.neznamy.tab.platforms.bukkit.BukkitEventListener.lambda$onJoin$1(BukkitEventListener.java:44)
09.04.2023 - 21:09:41 - 	at TAB v3.3.0.jar//me.neznamy.tab.shared.CpuManager.lambda$submit$1(CpuManager.java:111)
09.04.2023 - 21:09:41 - 	at java.base/java.util.concurrent.Executors$RunnableAdapter.call(Executors.java:539)
09.04.2023 - 21:09:41 - 	at java.base/java.util.concurrent.FutureTask.run(FutureTask.java:264)
09.04.2023 - 21:09:41 - 	at java.base/java.util.concurrent.ThreadPoolExecutor.runWorker(ThreadPoolExecutor.java:1136)
09.04.2023 - 21:09:41 - 	at java.base/java.util.concurrent.ThreadPoolExecutor$Worker.run(ThreadPoolExecutor.java:635)
09.04.2023 - 21:09:41 - 	at java.base/java.lang.Thread.run(Thread.java:833)
09.04.2023 - 21:09:41 - [TAB v3.3.0] Player placeholder %animation:time% generated an error when setting for player QuackAsk
09.04.2023 - 21:09:41 - java.lang.ArrayIndexOutOfBoundsException: Index -2 out of bounds for length 8
09.04.2023 - 21:09:41 - 	at TAB v3.3.0.jar//me.neznamy.tab.shared.placeholders.Animation.getMessage(Animation.java:86)
09.04.2023 - 21:09:41 - 	at TAB v3.3.0.jar//me.neznamy.tab.shared.placeholders.UniversalPlaceholderRegistry.lambda$registerPlaceholders$21(UniversalPlaceholderRegistry.java:64)
09.04.2023 - 21:09:41 - 	at TAB v3.3.0.jar//me.neznamy.tab.shared.placeholders.PlayerPlaceholderImpl.request(PlayerPlaceholderImpl.java:130)
09.04.2023 - 21:09:41 - 	at TAB v3.3.0.jar//me.neznamy.tab.shared.placeholders.PlayerPlaceholderImpl.update(PlayerPlaceholderImpl.java:53)
09.04.2023 - 21:09:41 - 	at TAB v3.3.0.jar//me.neznamy.tab.shared.features.PlaceholderManagerImpl.onJoin(PlaceholderManagerImpl.java:281)
09.04.2023 - 21:09:41 - 	at TAB v3.3.0.jar//me.neznamy.tab.shared.FeatureManagerImpl.onJoin(FeatureManagerImpl.java:126)
09.04.2023 - 21:09:41 - 	at TAB v3.3.0.jar//me.neznamy.tab.platforms.bukkit.BukkitEventListener.lambda$onJoin$1(BukkitEventListener.java:44)
09.04.2023 - 21:09:41 - 	at TAB v3.3.0.jar//me.neznamy.tab.shared.CpuManager.lambda$submit$1(CpuManager.java:111)
09.04.2023 - 21:09:41 - 	at java.base/java.util.concurrent.Executors$RunnableAdapter.call(Executors.java:539)
09.04.2023 - 21:09:41 - 	at java.base/java.util.concurrent.FutureTask.run(FutureTask.java:264)
09.04.2023 - 21:09:41 - 	at java.base/java.util.concurrent.ThreadPoolExecutor.runWorker(ThreadPoolExecutor.java:1136)
09.04.2023 - 21:09:41 - 	at java.base/java.util.concurrent.ThreadPoolExecutor$Worker.run(ThreadPoolExecutor.java:635)
09.04.2023 - 21:09:41 - 	at java.base/java.lang.Thread.run(Thread.java:833)
09.04.2023 - 21:11:13 - [TAB v3.3.0] Player placeholder %animation:time% generated an error when setting for player ILIKEQUACKMAN
09.04.2023 - 21:11:13 - java.lang.ArrayIndexOutOfBoundsException: Index -3 out of bounds for length 8
09.04.2023 - 21:11:13 - 	at TAB v3.3.0.jar//me.neznamy.tab.shared.placeholders.Animation.getMessage(Animation.java:86)
09.04.2023 - 21:11:13 - 	at TAB v3.3.0.jar//me.neznamy.tab.shared.placeholders.UniversalPlaceholderRegistry.lambda$registerPlaceholders$21(UniversalPlaceholderRegistry.java:64)
09.04.2023 - 21:11:13 - 	at TAB v3.3.0.jar//me.neznamy.tab.shared.placeholders.PlayerPlaceholderImpl.request(PlayerPlaceholderImpl.java:130)
09.04.2023 - 21:11:13 - 	at TAB v3.3.0.jar//me.neznamy.tab.shared.placeholders.PlayerPlaceholderImpl.updateFromNested(PlayerPlaceholderImpl.java:114)
09.04.2023 - 21:11:13 - 	at TAB v3.3.0.jar//me.neznamy.tab.shared.placeholders.TabPlaceholder.lambda$updateParents$1(TabPlaceholder.java:171)
09.04.2023 - 21:11:13 - 	at java.base/java.util.stream.ForEachOps$ForEachOp$OfRef.accept(ForEachOps.java:183)
09.04.2023 - 21:11:13 - 	at java.base/java.util.stream.ReferencePipeline$3$1.accept(ReferencePipeline.java:197)
09.04.2023 - 21:11:13 - 	at java.base/java.util.ArrayList$ArrayListSpliterator.forEachRemaining(ArrayList.java:1625)
09.04.2023 - 21:11:13 - 	at java.base/java.util.stream.AbstractPipeline.copyInto(AbstractPipeline.java:509)
09.04.2023 - 21:11:13 - 	at java.base/java.util.stream.AbstractPipeline.wrapAndCopyInto(AbstractPipeline.java:499)
09.04.2023 - 21:11:13 - 	at java.base/java.util.stream.ForEachOps$ForEachOp.evaluateSequential(ForEachOps.java:150)
09.04.2023 - 21:11:13 - 	at java.base/java.util.stream.ForEachOps$ForEachOp$OfRef.evaluateSequential(ForEachOps.java:173)
09.04.2023 - 21:11:13 - 	at java.base/java.util.stream.AbstractPipeline.evaluate(AbstractPipeline.java:234)
09.04.2023 - 21:11:13 - 	at java.base/java.util.stream.ReferencePipeline.forEach(ReferencePipeline.java:596)
09.04.2023 - 21:11:13 - 	at TAB v3.3.0.jar//me.neznamy.tab.shared.placeholders.TabPlaceholder.updateParents(TabPlaceholder.java:171)
09.04.2023 - 21:11:13 - 	at TAB v3.3.0.jar//me.neznamy.tab.shared.placeholders.PlayerPlaceholderImpl.update(PlayerPlaceholderImpl.java:64)
09.04.2023 - 21:11:13 - 	at TAB v3.3.0.jar//me.neznamy.tab.shared.features.PlaceholderManagerImpl.onJoin(PlaceholderManagerImpl.java:281)
09.04.2023 - 21:11:13 - 	at TAB v3.3.0.jar//me.neznamy.tab.shared.FeatureManagerImpl.onJoin(FeatureManagerImpl.java:126)
09.04.2023 - 21:11:13 - 	at TAB v3.3.0.jar//me.neznamy.tab.platforms.bukkit.BukkitEventListener.lambda$onJoin$1(BukkitEventListener.java:44)
09.04.2023 - 21:11:13 - 	at TAB v3.3.0.jar//me.neznamy.tab.shared.CpuManager.lambda$submit$1(CpuManager.java:111)
09.04.2023 - 21:11:13 - 	at java.base/java.util.concurrent.Executors$RunnableAdapter.call(Executors.java:539)
09.04.2023 - 21:11:13 - 	at java.base/java.util.concurrent.FutureTask.run(FutureTask.java:264)
09.04.2023 - 21:11:13 - 	at java.base/java.util.concurrent.ThreadPoolExecutor.runWorker(ThreadPoolExecutor.java:1136)
09.04.2023 - 21:11:13 - 	at java.base/java.util.concurrent.ThreadPoolExecutor$Worker.run(ThreadPoolExecutor.java:635)
09.04.2023 - 21:11:13 - 	at java.base/java.lang.Thread.run(Thread.java:833)
09.04.2023 - 21:11:13 - [TAB v3.3.0] Player placeholder %animation:headerFooterAni% generated an error when setting for player ILIKEQUACKMAN
09.04.2023 - 21:11:13 - java.lang.ArrayIndexOutOfBoundsException: Index -15 out of bounds for length 18
09.04.2023 - 21:11:13 - 	at TAB v3.3.0.jar//me.neznamy.tab.shared.placeholders.Animation.getMessage(Animation.java:86)
09.04.2023 - 21:11:13 - 	at TAB v3.3.0.jar//me.neznamy.tab.shared.placeholders.UniversalPlaceholderRegistry.lambda$registerPlaceholders$21(UniversalPlaceholderRegistry.java:64)
09.04.2023 - 21:11:13 - 	at TAB v3.3.0.jar//me.neznamy.tab.shared.placeholders.PlayerPlaceholderImpl.request(PlayerPlaceholderImpl.java:130)
09.04.2023 - 21:11:13 - 	at TAB v3.3.0.jar//me.neznamy.tab.shared.placeholders.PlayerPlaceholderImpl.update(PlayerPlaceholderImpl.java:53)
09.04.2023 - 21:11:13 - 	at TAB v3.3.0.jar//me.neznamy.tab.shared.features.PlaceholderManagerImpl.onJoin(PlaceholderManagerImpl.java:281)
09.04.2023 - 21:11:13 - 	at TAB v3.3.0.jar//me.neznamy.tab.shared.FeatureManagerImpl.onJoin(FeatureManagerImpl.java:126)
09.04.2023 - 21:11:13 - 	at TAB v3.3.0.jar//me.neznamy.tab.platforms.bukkit.BukkitEventListener.lambda$onJoin$1(BukkitEventListener.java:44)
09.04.2023 - 21:11:13 - 	at TAB v3.3.0.jar//me.neznamy.tab.shared.CpuManager.lambda$submit$1(CpuManager.java:111)
09.04.2023 - 21:11:13 - 	at java.base/java.util.concurrent.Executors$RunnableAdapter.call(Executors.java:539)
09.04.2023 - 21:11:13 - 	at java.base/java.util.concurrent.FutureTask.run(FutureTask.java:264)
09.04.2023 - 21:11:13 - 	at java.base/java.util.concurrent.ThreadPoolExecutor.runWorker(ThreadPoolExecutor.java:1136)
09.04.2023 - 21:11:13 - 	at java.base/java.util.concurrent.ThreadPoolExecutor$Worker.run(ThreadPoolExecutor.java:635)
09.04.2023 - 21:11:13 - 	at java.base/java.lang.Thread.run(Thread.java:833)
09.04.2023 - 21:11:13 - [TAB v3.3.0] Player placeholder %animation:time% generated an error when setting for player ILIKEQUACKMAN
09.04.2023 - 21:11:13 - java.lang.ArrayIndexOutOfBoundsException: Index -3 out of bounds for length 8
09.04.2023 - 21:11:13 - 	at TAB v3.3.0.jar//me.neznamy.tab.shared.placeholders.Animation.getMessage(Animation.java:86)
09.04.2023 - 21:11:13 - 	at TAB v3.3.0.jar//me.neznamy.tab.shared.placeholders.UniversalPlaceholderRegistry.lambda$registerPlaceholders$21(UniversalPlaceholderRegistry.java:64)
09.04.2023 - 21:11:13 - 	at TAB v3.3.0.jar//me.neznamy.tab.shared.placeholders.PlayerPlaceholderImpl.request(PlayerPlaceholderImpl.java:130)
09.04.2023 - 21:11:13 - 	at TAB v3.3.0.jar//me.neznamy.tab.shared.placeholders.PlayerPlaceholderImpl.update(PlayerPlaceholderImpl.java:53)
09.04.2023 - 21:11:13 - 	at TAB v3.3.0.jar//me.neznamy.tab.shared.features.PlaceholderManagerImpl.onJoin(PlaceholderManagerImpl.java:281)
09.04.2023 - 21:11:13 - 	at TAB v3.3.0.jar//me.neznamy.tab.shared.FeatureManagerImpl.onJoin(FeatureManagerImpl.java:126)
09.04.2023 - 21:11:13 - 	at TAB v3.3.0.jar//me.neznamy.tab.platforms.bukkit.BukkitEventListener.lambda$onJoin$1(BukkitEventListener.java:44)
09.04.2023 - 21:11:13 - 	at TAB v3.3.0.jar//me.neznamy.tab.shared.CpuManager.lambda$submit$1(CpuManager.java:111)
09.04.2023 - 21:11:13 - 	at java.base/java.util.concurrent.Executors$RunnableAdapter.call(Executors.java:539)
09.04.2023 - 21:11:13 - 	at java.base/java.util.concurrent.FutureTask.run(FutureTask.java:264)
09.04.2023 - 21:11:13 - 	at java.base/java.util.concurrent.ThreadPoolExecutor.runWorker(ThreadPoolExecutor.java:1136)
09.04.2023 - 21:11:13 - 	at java.base/java.util.concurrent.ThreadPoolExecutor$Worker.run(ThreadPoolExecutor.java:635)
09.04.2023 - 21:11:13 - 	at java.base/java.lang.Thread.run(Thread.java:833)
09.04.2023 - 21:14:34 - [TAB v3.3.0] Player placeholder %animation:time% generated an error when setting for player QuackeDK
09.04.2023 - 21:14:34 - java.lang.ArrayIndexOutOfBoundsException: Index -4 out of bounds for length 8
09.04.2023 - 21:14:34 - 	at TAB v3.3.0.jar//me.neznamy.tab.shared.placeholders.Animation.getMessage(Animation.java:86)
09.04.2023 - 21:14:34 - 	at TAB v3.3.0.jar//me.neznamy.tab.shared.placeholders.UniversalPlaceholderRegistry.lambda$registerPlaceholders$21(UniversalPlaceholderRegistry.java:64)
09.04.2023 - 21:14:34 - 	at TAB v3.3.0.jar//me.neznamy.tab.shared.placeholders.PlayerPlaceholderImpl.request(PlayerPlaceholderImpl.java:130)
09.04.2023 - 21:14:34 - 	at TAB v3.3.0.jar//me.neznamy.tab.shared.placeholders.PlayerPlaceholderImpl.updateFromNested(PlayerPlaceholderImpl.java:114)
09.04.2023 - 21:14:34 - 	at TAB v3.3.0.jar//me.neznamy.tab.shared.placeholders.TabPlaceholder.lambda$updateParents$1(TabPlaceholder.java:171)
09.04.2023 - 21:14:34 - 	at java.base/java.util.stream.ForEachOps$ForEachOp$OfRef.accept(ForEachOps.java:183)
09.04.2023 - 21:14:34 - 	at java.base/java.util.stream.ReferencePipeline$3$1.accept(ReferencePipeline.java:197)
09.04.2023 - 21:14:34 - 	at java.base/java.util.ArrayList$ArrayListSpliterator.forEachRemaining(ArrayList.java:1625)
09.04.2023 - 21:14:34 - 	at java.base/java.util.stream.AbstractPipeline.copyInto(AbstractPipeline.java:509)
09.04.2023 - 21:14:34 - 	at java.base/java.util.stream.AbstractPipeline.wrapAndCopyInto(AbstractPipeline.java:499)
09.04.2023 - 21:14:34 - 	at java.base/java.util.stream.ForEachOps$ForEachOp.evaluateSequential(ForEachOps.java:150)
09.04.2023 - 21:14:34 - 	at java.base/java.util.stream.ForEachOps$ForEachOp$OfRef.evaluateSequential(ForEachOps.java:173)
09.04.2023 - 21:14:34 - 	at java.base/java.util.stream.AbstractPipeline.evaluate(AbstractPipeline.java:234)
09.04.2023 - 21:14:34 - 	at java.base/java.util.stream.ReferencePipeline.forEach(ReferencePipeline.java:596)
09.04.2023 - 21:14:34 - 	at TAB v3.3.0.jar//me.neznamy.tab.shared.placeholders.TabPlaceholder.updateParents(TabPlaceholder.java:171)
09.04.2023 - 21:14:34 - 	at TAB v3.3.0.jar//me.neznamy.tab.shared.placeholders.PlayerPlaceholderImpl.update(PlayerPlaceholderImpl.java:64)
09.04.2023 - 21:14:34 - 	at TAB v3.3.0.jar//me.neznamy.tab.shared.features.PlaceholderManagerImpl.onJoin(PlaceholderManagerImpl.java:281)
09.04.2023 - 21:14:34 - 	at TAB v3.3.0.jar//me.neznamy.tab.shared.FeatureManagerImpl.onJoin(FeatureManagerImpl.java:126)
09.04.2023 - 21:14:34 - 	at TAB v3.3.0.jar//me.neznamy.tab.platforms.bukkit.BukkitEventListener.lambda$onJoin$1(BukkitEventListener.java:44)
09.04.2023 - 21:14:34 - 	at TAB v3.3.0.jar//me.neznamy.tab.shared.CpuManager.lambda$submit$1(CpuManager.java:111)
09.04.2023 - 21:14:34 - 	at java.base/java.util.concurrent.Executors$RunnableAdapter.call(Executors.java:539)
09.04.2023 - 21:14:34 - 	at java.base/java.util.concurrent.FutureTask.run(FutureTask.java:264)
09.04.2023 - 21:14:34 - 	at java.base/java.util.concurrent.ThreadPoolExecutor.runWorker(ThreadPoolExecutor.java:1136)
09.04.2023 - 21:14:34 - 	at java.base/java.util.concurrent.ThreadPoolExecutor$Worker.run(ThreadPoolExecutor.java:635)
09.04.2023 - 21:14:34 - 	at java.base/java.lang.Thread.run(Thread.java:833)
09.04.2023 - 21:14:34 - [TAB v3.3.0] Player placeholder %animation:headerFooterAni% generated an error when setting for player QuackeDK
09.04.2023 - 21:14:34 - java.lang.ArrayIndexOutOfBoundsException: Index -1 out of bounds for length 18
09.04.2023 - 21:14:34 - 	at TAB v3.3.0.jar//me.neznamy.tab.shared.placeholders.Animation.getMessage(Animation.java:86)
09.04.2023 - 21:14:34 - 	at TAB v3.3.0.jar//me.neznamy.tab.shared.placeholders.UniversalPlaceholderRegistry.lambda$registerPlaceholders$21(UniversalPlaceholderRegistry.java:64)
09.04.2023 - 21:14:34 - 	at TAB v3.3.0.jar//me.neznamy.tab.shared.placeholders.PlayerPlaceholderImpl.request(PlayerPlaceholderImpl.java:130)
09.04.2023 - 21:14:34 - 	at TAB v3.3.0.jar//me.neznamy.tab.shared.placeholders.PlayerPlaceholderImpl.update(PlayerPlaceholderImpl.java:53)
09.04.2023 - 21:14:34 - 	at TAB v3.3.0.jar//me.neznamy.tab.shared.features.PlaceholderManagerImpl.onJoin(PlaceholderManagerImpl.java:281)
09.04.2023 - 21:14:34 - 	at TAB v3.3.0.jar//me.neznamy.tab.shared.FeatureManagerImpl.onJoin(FeatureManagerImpl.java:126)
09.04.2023 - 21:14:34 - 	at TAB v3.3.0.jar//me.neznamy.tab.platforms.bukkit.BukkitEventListener.lambda$onJoin$1(BukkitEventListener.java:44)
09.04.2023 - 21:14:34 - 	at TAB v3.3.0.jar//me.neznamy.tab.shared.CpuManager.lambda$submit$1(CpuManager.java:111)
09.04.2023 - 21:14:34 - 	at java.base/java.util.concurrent.Executors$RunnableAdapter.call(Executors.java:539)
09.04.2023 - 21:14:34 - 	at java.base/java.util.concurrent.FutureTask.run(FutureTask.java:264)
09.04.2023 - 21:14:34 - 	at java.base/java.util.concurrent.ThreadPoolExecutor.runWorker(ThreadPoolExecutor.java:1136)
09.04.2023 - 21:14:34 - 	at java.base/java.util.concurrent.ThreadPoolExecutor$Worker.run(ThreadPoolExecutor.java:635)
09.04.2023 - 21:14:34 - 	at java.base/java.lang.Thread.run(Thread.java:833)
09.04.2023 - 21:14:34 - [TAB v3.3.0] Player placeholder %animation:time% generated an error when setting for player QuackeDK
09.04.2023 - 21:14:34 - java.lang.ArrayIndexOutOfBoundsException: Index -4 out of bounds for length 8
09.04.2023 - 21:14:34 - 	at TAB v3.3.0.jar//me.neznamy.tab.shared.placeholders.Animation.getMessage(Animation.java:86)
09.04.2023 - 21:14:34 - 	at TAB v3.3.0.jar//me.neznamy.tab.shared.placeholders.UniversalPlaceholderRegistry.lambda$registerPlaceholders$21(UniversalPlaceholderRegistry.java:64)
09.04.2023 - 21:14:34 - 	at TAB v3.3.0.jar//me.neznamy.tab.shared.placeholders.PlayerPlaceholderImpl.request(PlayerPlaceholderImpl.java:130)
09.04.2023 - 21:14:34 - 	at TAB v3.3.0.jar//me.neznamy.tab.shared.placeholders.PlayerPlaceholderImpl.update(PlayerPlaceholderImpl.java:53)
09.04.2023 - 21:14:34 - 	at TAB v3.3.0.jar//me.neznamy.tab.shared.features.PlaceholderManagerImpl.onJoin(PlaceholderManagerImpl.java:281)
09.04.2023 - 21:14:34 - 	at TAB v3.3.0.jar//me.neznamy.tab.shared.FeatureManagerImpl.onJoin(FeatureManagerImpl.java:126)
09.04.2023 - 21:14:34 - 	at TAB v3.3.0.jar//me.neznamy.tab.platforms.bukkit.BukkitEventListener.lambda$onJoin$1(BukkitEventListener.java:44)
09.04.2023 - 21:14:34 - 	at TAB v3.3.0.jar//me.neznamy.tab.shared.CpuManager.lambda$submit$1(CpuManager.java:111)
09.04.2023 - 21:14:34 - 	at java.base/java.util.concurrent.Executors$RunnableAdapter.call(Executors.java:539)
09.04.2023 - 21:14:34 - 	at java.base/java.util.concurrent.FutureTask.run(FutureTask.java:264)
09.04.2023 - 21:14:34 - 	at java.base/java.util.concurrent.ThreadPoolExecutor.runWorker(ThreadPoolExecutor.java:1136)
09.04.2023 - 21:14:34 - 	at java.base/java.util.concurrent.ThreadPoolExecutor$Worker.run(ThreadPoolExecutor.java:635)
09.04.2023 - 21:14:34 - 	at java.base/java.lang.Thread.run(Thread.java:833)
09.04.2023 - 21:33:47 - [TAB v3.3.0] Player placeholder %animation:time% generated an error when setting for player QuackeDK
09.04.2023 - 21:33:47 - java.lang.ArrayIndexOutOfBoundsException: Index -2 out of bounds for length 8
09.04.2023 - 21:33:47 - 	at TAB v3.3.0.jar//me.neznamy.tab.shared.placeholders.Animation.getMessage(Animation.java:86)
09.04.2023 - 21:33:47 - 	at TAB v3.3.0.jar//me.neznamy.tab.shared.placeholders.UniversalPlaceholderRegistry.lambda$registerPlaceholders$21(UniversalPlaceholderRegistry.java:64)
09.04.2023 - 21:33:47 - 	at TAB v3.3.0.jar//me.neznamy.tab.shared.placeholders.PlayerPlaceholderImpl.request(PlayerPlaceholderImpl.java:130)
09.04.2023 - 21:33:47 - 	at TAB v3.3.0.jar//me.neznamy.tab.shared.placeholders.PlayerPlaceholderImpl.updateFromNested(PlayerPlaceholderImpl.java:114)
09.04.2023 - 21:33:47 - 	at TAB v3.3.0.jar//me.neznamy.tab.shared.placeholders.TabPlaceholder.lambda$updateParents$1(TabPlaceholder.java:171)
09.04.2023 - 21:33:47 - 	at java.base/java.util.stream.ForEachOps$ForEachOp$OfRef.accept(ForEachOps.java:183)
09.04.2023 - 21:33:47 - 	at java.base/java.util.stream.ReferencePipeline$3$1.accept(ReferencePipeline.java:197)
09.04.2023 - 21:33:47 - 	at java.base/java.util.ArrayList$ArrayListSpliterator.forEachRemaining(ArrayList.java:1625)
09.04.2023 - 21:33:47 - 	at java.base/java.util.stream.AbstractPipeline.copyInto(AbstractPipeline.java:509)
09.04.2023 - 21:33:47 - 	at java.base/java.util.stream.AbstractPipeline.wrapAndCopyInto(AbstractPipeline.java:499)
09.04.2023 - 21:33:47 - 	at java.base/java.util.stream.ForEachOps$ForEachOp.evaluateSequential(ForEachOps.java:150)
09.04.2023 - 21:33:47 - 	at java.base/java.util.stream.ForEachOps$ForEachOp$OfRef.evaluateSequential(ForEachOps.java:173)
09.04.2023 - 21:33:47 - 	at java.base/java.util.stream.AbstractPipeline.evaluate(AbstractPipeline.java:234)
09.04.2023 - 21:33:47 - 	at java.base/java.util.stream.ReferencePipeline.forEach(ReferencePipeline.java:596)
09.04.2023 - 21:33:47 - 	at TAB v3.3.0.jar//me.neznamy.tab.shared.placeholders.TabPlaceholder.updateParents(TabPlaceholder.java:171)
09.04.2023 - 21:33:47 - 	at TAB v3.3.0.jar//me.neznamy.tab.shared.placeholders.PlayerPlaceholderImpl.update(PlayerPlaceholderImpl.java:64)
09.04.2023 - 21:33:47 - 	at TAB v3.3.0.jar//me.neznamy.tab.shared.features.PlaceholderManagerImpl.onJoin(PlaceholderManagerImpl.java:281)
09.04.2023 - 21:33:47 - 	at TAB v3.3.0.jar//me.neznamy.tab.shared.FeatureManagerImpl.onJoin(FeatureManagerImpl.java:126)
09.04.2023 - 21:33:47 - 	at TAB v3.3.0.jar//me.neznamy.tab.platforms.bukkit.BukkitEventListener.lambda$onJoin$1(BukkitEventListener.java:44)
09.04.2023 - 21:33:47 - 	at TAB v3.3.0.jar//me.neznamy.tab.shared.CpuManager.lambda$submit$1(CpuManager.java:111)
09.04.2023 - 21:33:47 - 	at java.base/java.util.concurrent.Executors$RunnableAdapter.call(Executors.java:539)
09.04.2023 - 21:33:47 - 	at java.base/java.util.concurrent.FutureTask.run(FutureTask.java:264)
09.04.2023 - 21:33:47 - 	at java.base/java.util.concurrent.ThreadPoolExecutor.runWorker(ThreadPoolExecutor.java:1136)
09.04.2023 - 21:33:47 - 	at java.base/java.util.concurrent.ThreadPoolExecutor$Worker.run(ThreadPoolExecutor.java:635)
09.04.2023 - 21:33:47 - 	at java.base/java.lang.Thread.run(Thread.java:833)
09.04.2023 - 21:33:47 - [TAB v3.3.0] Player placeholder %animation:headerFooterAni% generated an error when setting for player QuackeDK
09.04.2023 - 21:33:47 - java.lang.ArrayIndexOutOfBoundsException: Index -7 out of bounds for length 18
09.04.2023 - 21:33:47 - 	at TAB v3.3.0.jar//me.neznamy.tab.shared.placeholders.Animation.getMessage(Animation.java:86)
09.04.2023 - 21:33:47 - 	at TAB v3.3.0.jar//me.neznamy.tab.shared.placeholders.UniversalPlaceholderRegistry.lambda$registerPlaceholders$21(UniversalPlaceholderRegistry.java:64)
09.04.2023 - 21:33:47 - 	at TAB v3.3.0.jar//me.neznamy.tab.shared.placeholders.PlayerPlaceholderImpl.request(PlayerPlaceholderImpl.java:130)
09.04.2023 - 21:33:47 - 	at TAB v3.3.0.jar//me.neznamy.tab.shared.placeholders.PlayerPlaceholderImpl.update(PlayerPlaceholderImpl.java:53)
09.04.2023 - 21:33:47 - 	at TAB v3.3.0.jar//me.neznamy.tab.shared.features.PlaceholderManagerImpl.onJoin(PlaceholderManagerImpl.java:281)
09.04.2023 - 21:33:47 - 	at TAB v3.3.0.jar//me.neznamy.tab.shared.FeatureManagerImpl.onJoin(FeatureManagerImpl.java:126)
09.04.2023 - 21:33:47 - 	at TAB v3.3.0.jar//me.neznamy.tab.platforms.bukkit.BukkitEventListener.lambda$onJoin$1(BukkitEventListener.java:44)
09.04.2023 - 21:33:47 - 	at TAB v3.3.0.jar//me.neznamy.tab.shared.CpuManager.lambda$submit$1(CpuManager.java:111)
09.04.2023 - 21:33:47 - 	at java.base/java.util.concurrent.Executors$RunnableAdapter.call(Executors.java:539)
09.04.2023 - 21:33:47 - 	at java.base/java.util.concurrent.FutureTask.run(FutureTask.java:264)
09.04.2023 - 21:33:47 - 	at java.base/java.util.concurrent.ThreadPoolExecutor.runWorker(ThreadPoolExecutor.java:1136)
09.04.2023 - 21:33:47 - 	at java.base/java.util.concurrent.ThreadPoolExecutor$Worker.run(ThreadPoolExecutor.java:635)
09.04.2023 - 21:33:47 - 	at java.base/java.lang.Thread.run(Thread.java:833)
09.04.2023 - 21:33:47 - [TAB v3.3.0] Player placeholder %animation:time% generated an error when setting for player QuackeDK
09.04.2023 - 21:33:47 - java.lang.ArrayIndexOutOfBoundsException: Index -2 out of bounds for length 8
09.04.2023 - 21:33:47 - 	at TAB v3.3.0.jar//me.neznamy.tab.shared.placeholders.Animation.getMessage(Animation.java:86)
09.04.2023 - 21:33:47 - 	at TAB v3.3.0.jar//me.neznamy.tab.shared.placeholders.UniversalPlaceholderRegistry.lambda$registerPlaceholders$21(UniversalPlaceholderRegistry.java:64)
09.04.2023 - 21:33:47 - 	at TAB v3.3.0.jar//me.neznamy.tab.shared.placeholders.PlayerPlaceholderImpl.request(PlayerPlaceholderImpl.java:130)
09.04.2023 - 21:33:47 - 	at TAB v3.3.0.jar//me.neznamy.tab.shared.placeholders.PlayerPlaceholderImpl.update(PlayerPlaceholderImpl.java:53)
09.04.2023 - 21:33:47 - 	at TAB v3.3.0.jar//me.neznamy.tab.shared.features.PlaceholderManagerImpl.onJoin(PlaceholderManagerImpl.java:281)
09.04.2023 - 21:33:47 - 	at TAB v3.3.0.jar//me.neznamy.tab.shared.FeatureManagerImpl.onJoin(FeatureManagerImpl.java:126)
09.04.2023 - 21:33:47 - 	at TAB v3.3.0.jar//me.neznamy.tab.platforms.bukkit.BukkitEventListener.lambda$onJoin$1(BukkitEventListener.java:44)
09.04.2023 - 21:33:47 - 	at TAB v3.3.0.jar//me.neznamy.tab.shared.CpuManager.lambda$submit$1(CpuManager.java:111)
09.04.2023 - 21:33:47 - 	at java.base/java.util.concurrent.Executors$RunnableAdapter.call(Executors.java:539)
09.04.2023 - 21:33:47 - 	at java.base/java.util.concurrent.FutureTask.run(FutureTask.java:264)
09.04.2023 - 21:33:47 - 	at java.base/java.util.concurrent.ThreadPoolExecutor.runWorker(ThreadPoolExecutor.java:1136)
09.04.2023 - 21:33:47 - 	at java.base/java.util.concurrent.ThreadPoolExecutor$Worker.run(ThreadPoolExecutor.java:635)
09.04.2023 - 21:33:47 - 	at java.base/java.lang.Thread.run(Thread.java:833)
09.04.2023 - 21:40:35 - [TAB v3.3.0] Player placeholder %animation:time% generated an error when setting for player ILIKEQUACKMAN
09.04.2023 - 21:40:35 - java.lang.ArrayIndexOutOfBoundsException: Index -6 out of bounds for length 8
09.04.2023 - 21:40:35 - 	at TAB v3.3.0.jar//me.neznamy.tab.shared.placeholders.Animation.getMessage(Animation.java:86)
09.04.2023 - 21:40:35 - 	at TAB v3.3.0.jar//me.neznamy.tab.shared.placeholders.UniversalPlaceholderRegistry.lambda$registerPlaceholders$21(UniversalPlaceholderRegistry.java:64)
09.04.2023 - 21:40:35 - 	at TAB v3.3.0.jar//me.neznamy.tab.shared.placeholders.PlayerPlaceholderImpl.request(PlayerPlaceholderImpl.java:130)
09.04.2023 - 21:40:35 - 	at TAB v3.3.0.jar//me.neznamy.tab.shared.placeholders.PlayerPlaceholderImpl.updateFromNested(PlayerPlaceholderImpl.java:114)
09.04.2023 - 21:40:35 - 	at TAB v3.3.0.jar//me.neznamy.tab.shared.placeholders.TabPlaceholder.lambda$updateParents$1(TabPlaceholder.java:171)
09.04.2023 - 21:40:35 - 	at java.base/java.util.stream.ForEachOps$ForEachOp$OfRef.accept(ForEachOps.java:183)
09.04.2023 - 21:40:35 - 	at java.base/java.util.stream.ReferencePipeline$3$1.accept(ReferencePipeline.java:197)
09.04.2023 - 21:40:35 - 	at java.base/java.util.ArrayList$ArrayListSpliterator.forEachRemaining(ArrayList.java:1625)
09.04.2023 - 21:40:35 - 	at java.base/java.util.stream.AbstractPipeline.copyInto(AbstractPipeline.java:509)
09.04.2023 - 21:40:35 - 	at java.base/java.util.stream.AbstractPipeline.wrapAndCopyInto(AbstractPipeline.java:499)
09.04.2023 - 21:40:35 - 	at java.base/java.util.stream.ForEachOps$ForEachOp.evaluateSequential(ForEachOps.java:150)
09.04.2023 - 21:40:35 - 	at java.base/java.util.stream.ForEachOps$ForEachOp$OfRef.evaluateSequential(ForEachOps.java:173)
09.04.2023 - 21:40:35 - 	at java.base/java.util.stream.AbstractPipeline.evaluate(AbstractPipeline.java:234)
09.04.2023 - 21:40:35 - 	at java.base/java.util.stream.ReferencePipeline.forEach(ReferencePipeline.java:596)
09.04.2023 - 21:40:35 - 	at TAB v3.3.0.jar//me.neznamy.tab.shared.placeholders.TabPlaceholder.updateParents(TabPlaceholder.java:171)
09.04.2023 - 21:40:35 - 	at TAB v3.3.0.jar//me.neznamy.tab.shared.placeholders.PlayerPlaceholderImpl.update(PlayerPlaceholderImpl.java:64)
09.04.2023 - 21:40:35 - 	at TAB v3.3.0.jar//me.neznamy.tab.shared.features.PlaceholderManagerImpl.onJoin(PlaceholderManagerImpl.java:281)
09.04.2023 - 21:40:35 - 	at TAB v3.3.0.jar//me.neznamy.tab.shared.FeatureManagerImpl.onJoin(FeatureManagerImpl.java:126)
09.04.2023 - 21:40:35 - 	at TAB v3.3.0.jar//me.neznamy.tab.platforms.bukkit.BukkitEventListener.lambda$onJoin$1(BukkitEventListener.java:44)
09.04.2023 - 21:40:35 - 	at TAB v3.3.0.jar//me.neznamy.tab.shared.CpuManager.lambda$submit$1(CpuManager.java:111)
09.04.2023 - 21:40:35 - 	at java.base/java.util.concurrent.Executors$RunnableAdapter.call(Executors.java:539)
09.04.2023 - 21:40:35 - 	at java.base/java.util.concurrent.FutureTask.run(FutureTask.java:264)
09.04.2023 - 21:40:35 - 	at java.base/java.util.concurrent.ThreadPoolExecutor.runWorker(ThreadPoolExecutor.java:1136)
09.04.2023 - 21:40:35 - 	at java.base/java.util.concurrent.ThreadPoolExecutor$Worker.run(ThreadPoolExecutor.java:635)
09.04.2023 - 21:40:35 - 	at java.base/java.lang.Thread.run(Thread.java:833)
09.04.2023 - 21:40:35 - [TAB v3.3.0] Player placeholder %animation:headerFooterAni% generated an error when setting for player ILIKEQUACKMAN
09.04.2023 - 21:40:35 - java.lang.ArrayIndexOutOfBoundsException: Index -3 out of bounds for length 18
09.04.2023 - 21:40:35 - 	at TAB v3.3.0.jar//me.neznamy.tab.shared.placeholders.Animation.getMessage(Animation.java:86)
09.04.2023 - 21:40:35 - 	at TAB v3.3.0.jar//me.neznamy.tab.shared.placeholders.UniversalPlaceholderRegistry.lambda$registerPlaceholders$21(UniversalPlaceholderRegistry.java:64)
09.04.2023 - 21:40:35 - 	at TAB v3.3.0.jar//me.neznamy.tab.shared.placeholders.PlayerPlaceholderImpl.request(PlayerPlaceholderImpl.java:130)
09.04.2023 - 21:40:35 - 	at TAB v3.3.0.jar//me.neznamy.tab.shared.placeholders.PlayerPlaceholderImpl.update(PlayerPlaceholderImpl.java:53)
09.04.2023 - 21:40:35 - 	at TAB v3.3.0.jar//me.neznamy.tab.shared.features.PlaceholderManagerImpl.onJoin(PlaceholderManagerImpl.java:281)
09.04.2023 - 21:40:35 - 	at TAB v3.3.0.jar//me.neznamy.tab.shared.FeatureManagerImpl.onJoin(FeatureManagerImpl.java:126)
09.04.2023 - 21:40:35 - 	at TAB v3.3.0.jar//me.neznamy.tab.platforms.bukkit.BukkitEventListener.lambda$onJoin$1(BukkitEventListener.java:44)
09.04.2023 - 21:40:35 - 	at TAB v3.3.0.jar//me.neznamy.tab.shared.CpuManager.lambda$submit$1(CpuManager.java:111)
09.04.2023 - 21:40:35 - 	at java.base/java.util.concurrent.Executors$RunnableAdapter.call(Executors.java:539)
09.04.2023 - 21:40:35 - 	at java.base/java.util.concurrent.FutureTask.run(FutureTask.java:264)
09.04.2023 - 21:40:35 - 	at java.base/java.util.concurrent.ThreadPoolExecutor.runWorker(ThreadPoolExecutor.java:1136)
09.04.2023 - 21:40:35 - 	at java.base/java.util.concurrent.ThreadPoolExecutor$Worker.run(ThreadPoolExecutor.java:635)
09.04.2023 - 21:40:35 - 	at java.base/java.lang.Thread.run(Thread.java:833)
09.04.2023 - 21:40:35 - [TAB v3.3.0] Player placeholder %animation:time% generated an error when setting for player ILIKEQUACKMAN
09.04.2023 - 21:40:35 - java.lang.ArrayIndexOutOfBoundsException: Index -6 out of bounds for length 8
09.04.2023 - 21:40:35 - 	at TAB v3.3.0.jar//me.neznamy.tab.shared.placeholders.Animation.getMessage(Animation.java:86)
09.04.2023 - 21:40:35 - 	at TAB v3.3.0.jar//me.neznamy.tab.shared.placeholders.UniversalPlaceholderRegistry.lambda$registerPlaceholders$21(UniversalPlaceholderRegistry.java:64)
09.04.2023 - 21:40:35 - 	at TAB v3.3.0.jar//me.neznamy.tab.shared.placeholders.PlayerPlaceholderImpl.request(PlayerPlaceholderImpl.java:130)
09.04.2023 - 21:40:35 - 	at TAB v3.3.0.jar//me.neznamy.tab.shared.placeholders.PlayerPlaceholderImpl.update(PlayerPlaceholderImpl.java:53)
09.04.2023 - 21:40:35 - 	at TAB v3.3.0.jar//me.neznamy.tab.shared.features.PlaceholderManagerImpl.onJoin(PlaceholderManagerImpl.java:281)
09.04.2023 - 21:40:35 - 	at TAB v3.3.0.jar//me.neznamy.tab.shared.FeatureManagerImpl.onJoin(FeatureManagerImpl.java:126)
09.04.2023 - 21:40:35 - 	at TAB v3.3.0.jar//me.neznamy.tab.platforms.bukkit.BukkitEventListener.lambda$onJoin$1(BukkitEventListener.java:44)
09.04.2023 - 21:40:35 - 	at TAB v3.3.0.jar//me.neznamy.tab.shared.CpuManager.lambda$submit$1(CpuManager.java:111)
09.04.2023 - 21:40:35 - 	at java.base/java.util.concurrent.Executors$RunnableAdapter.call(Executors.java:539)
09.04.2023 - 21:40:35 - 	at java.base/java.util.concurrent.FutureTask.run(FutureTask.java:264)
09.04.2023 - 21:40:35 - 	at java.base/java.util.concurrent.ThreadPoolExecutor.runWorker(ThreadPoolExecutor.java:1136)
09.04.2023 - 21:40:35 - 	at java.base/java.util.concurrent.ThreadPoolExecutor$Worker.run(ThreadPoolExecutor.java:635)
09.04.2023 - 21:40:35 - 	at java.base/java.lang.Thread.run(Thread.java:833)
